[ 2017-02-09T15:01:03+08:00 ] 127.0.0.1 /rank/
INFO: [ app_init ] --START--
INFO: Run Behavior\BuildLiteBehavior [ RunTime:0.000000s ]
INFO: [ app_init ] --END-- [ RunTime:0.004000s ]
NOTIC: [8] Use of undefined constant FLASE - assumed 'FLASE' D:\WWW\rank\Application\Home\Conf\config.php 第 13 行.
INFO: [ app_begin ] --START--
INFO: Run Behavior\ReadHtmlCacheBehavior [ RunTime:0.001000s ]
INFO: [ app_begin ] --END-- [ RunTime:0.003000s ]
SQL: SHOW COLUMNS FROM `rank_project` [ RunTime:0.0060s ]

[ 2017-02-09T15:17:17+08:00 ] 127.0.0.1 /rank/?XDEBUG_SESSION_START=17408
INFO: [ app_init ] --START--
INFO: Run Behavior\BuildLiteBehavior [ RunTime:0.000000s ]
INFO: [ app_init ] --END-- [ RunTime:0.003000s ]
NOTIC: [8] Use of undefined constant FLASE - assumed 'FLASE' D:\WWW\rank\Application\Home\Conf\config.php 第 13 行.
INFO: [ app_begin ] --START--
INFO: Run Behavior\ReadHtmlCacheBehavior [ RunTime:0.003000s ]
INFO: [ app_begin ] --END-- [ RunTime:0.003000s ]
SQL: SHOW COLUMNS FROM `rank_project` [ RunTime:0.0050s ]
SQL: SHOW COLUMNS FROM `rank_user_project` [ RunTime:0.0050s ]
SQL: SHOW COLUMNS FROM `rank_project` [ RunTime:0.0070s ]
SQL: SELECT * FROM `rank_user_project` WHERE `u_id` = 3  [ RunTime:0.0250s ]
SQL: SELECT * FROM `rank_project` WHERE `p_id` = 1 LIMIT 1   [ RunTime:0.0010s ]
INFO: [ view_parse ] --START--
INFO: [ template_filter ] --START--
INFO: Run Behavior\ContentReplaceBehavior [ RunTime:0.000000s ]
INFO: [ template_filter ] --END-- [ RunTime:0.002000s ]
NOTIC: [8] Undefined index: user_name D:\WWW\rank\Application\Runtime\Cache\Home\7015f0c287b292dea529a5339f9a55b9.php 第 131 行.
NOTIC: [8] Undefined variable: projevt D:\WWW\rank\Application\Runtime\Cache\Home\7015f0c287b292dea529a5339f9a55b9.php 第 148 行.
NOTIC: [8] Undefined index: user_name D:\WWW\rank\Application\Runtime\Cache\Home\7015f0c287b292dea529a5339f9a55b9.php 第 169 行.
NOTIC: [8] Undefined variable: projevt D:\WWW\rank\Application\Runtime\Cache\Home\7015f0c287b292dea529a5339f9a55b9.php 第 186 行.
INFO: Run Behavior\ParseTemplateBehavior [ RunTime:0.091005s ]
INFO: [ view_parse ] --END-- [ RunTime:0.091005s ]
INFO: [ view_filter ] --START--
INFO: Run Behavior\WriteHtmlCacheBehavior [ RunTime:0.001001s ]
INFO: [ view_filter ] --END-- [ RunTime:0.003001s ]
INFO: [ view_parse ] --START--
INFO: [ template_filter ] --START--
INFO: Run Behavior\ContentReplaceBehavior [ RunTime:0.001000s ]
INFO: [ template_filter ] --END-- [ RunTime:-0.074005s ]
NOTIC: [8] Undefined index: user_name D:\WWW\rank\Application\Runtime\Cache\Home\2a94b8bda04ff446dcedd42276fc99ee.php 第 131 行.
NOTIC: [8] Undefined variable: projevt D:\WWW\rank\Application\Runtime\Cache\Home\2a94b8bda04ff446dcedd42276fc99ee.php 第 148 行.
INFO: Run Behavior\ParseTemplateBehavior [ RunTime:0.045002s ]
INFO: [ view_parse ] --END-- [ RunTime:-0.009001s ]
INFO: [ view_filter ] --START--
INFO: Run Behavior\WriteHtmlCacheBehavior [ RunTime:0.000000s ]
INFO: [ view_filter ] --END-- [ RunTime:-0.053003s ]
NOTIC: [2] Cannot modify header information - headers already sent by (output started at D:\WWW\rank\ThinkPHP\Library\Think\View.class.php:95) D:\WWW\rank\ThinkPHP\Library\Think\View.class.php 第 91 行.
NOTIC: [2] Cannot modify header information - headers already sent by (output started at D:\WWW\rank\ThinkPHP\Library\Think\View.class.php:95) D:\WWW\rank\ThinkPHP\Library\Think\View.class.php 第 92 行.
NOTIC: [2] Cannot modify header information - headers already sent by (output started at D:\WWW\rank\ThinkPHP\Library\Think\View.class.php:95) D:\WWW\rank\ThinkPHP\Library\Think\View.class.php 第 93 行.
INFO: [ app_end ] --START--
INFO: Run Behavior\ShowPageTraceBehavior [ RunTime:0.002000s ]
INFO: [ app_end ] --END-- [ RunTime:0.003000s ]

[ 2017-02-09T15:18:50+08:00 ] 127.0.0.1 /rank/?XDEBUG_SESSION_START=17408
INFO: [ app_init ] --START--
INFO: Run Behavior\BuildLiteBehavior [ RunTime:0.000000s ]
INFO: [ app_init ] --END-- [ RunTime:0.003000s ]
NOTIC: [8] Use of undefined constant FLASE - assumed 'FLASE' D:\WWW\rank\Application\Home\Conf\config.php 第 13 行.
INFO: [ app_begin ] --START--
INFO: Run Behavior\ReadHtmlCacheBehavior [ RunTime:0.001000s ]
INFO: [ app_begin ] --END-- [ RunTime:0.003000s ]
SQL: SHOW COLUMNS FROM `rank_project` [ RunTime:0.0070s ]
SQL: SHOW COLUMNS FROM `rank_user_project` [ RunTime:0.0060s ]
SQL: SHOW COLUMNS FROM `rank_project` [ RunTime:0.0060s ]
SQL: SELECT * FROM `rank_user_project` WHERE `u_id` = 3  [ RunTime:0.0010s ]
SQL: SELECT * FROM `rank_project` WHERE `p_id` = 1 LIMIT 1   [ RunTime:0.0020s ]
NOTIC: [8] Undefined index: pid D:\WWW\rank\Application\Home\Controller\CommonController.class.php 第 90 行.
INFO: [ view_parse ] --START--
INFO: [ template_filter ] --START--
INFO: Run Behavior\ContentReplaceBehavior [ RunTime:0.000000s ]
INFO: [ template_filter ] --END-- [ RunTime:0.002000s ]
NOTIC: [8] Undefined index: user_name D:\WWW\rank\Application\Runtime\Cache\Home\7015f0c287b292dea529a5339f9a55b9.php 第 131 行.
NOTIC: [8] Undefined index: user_name D:\WWW\rank\Application\Runtime\Cache\Home\7015f0c287b292dea529a5339f9a55b9.php 第 169 行.
INFO: Run Behavior\ParseTemplateBehavior [ RunTime:0.078005s ]
INFO: [ view_parse ] --END-- [ RunTime:0.079005s ]
INFO: [ view_filter ] --START--
INFO: Run Behavior\WriteHtmlCacheBehavior [ RunTime:0.001000s ]
INFO: [ view_filter ] --END-- [ RunTime:0.003000s ]
INFO: [ view_parse ] --START--
INFO: [ template_filter ] --START--
INFO: Run Behavior\ContentReplaceBehavior [ RunTime:0.000000s ]
INFO: [ template_filter ] --END-- [ RunTime:-0.058003s ]
NOTIC: [8] Undefined index: user_name D:\WWW\rank\Application\Runtime\Cache\Home\2a94b8bda04ff446dcedd42276fc99ee.php 第 131 行.
INFO: Run Behavior\ParseTemplateBehavior [ RunTime:0.047003s ]
INFO: [ view_parse ] --END-- [ RunTime:-0.007000s ]
INFO: [ view_filter ] --START--
INFO: Run Behavior\WriteHtmlCacheBehavior [ RunTime:0.000000s ]
INFO: [ view_filter ] --END-- [ RunTime:-0.052003s ]
NOTIC: [2] Cannot modify header information - headers already sent by (output started at D:\WWW\rank\ThinkPHP\Library\Think\View.class.php:95) D:\WWW\rank\ThinkPHP\Library\Think\View.class.php 第 91 行.
NOTIC: [2] Cannot modify header information - headers already sent by (output started at D:\WWW\rank\ThinkPHP\Library\Think\View.class.php:95) D:\WWW\rank\ThinkPHP\Library\Think\View.class.php 第 92 行.
NOTIC: [2] Cannot modify header information - headers already sent by (output started at D:\WWW\rank\ThinkPHP\Library\Think\View.class.php:95) D:\WWW\rank\ThinkPHP\Library\Think\View.class.php 第 93 行.
INFO: [ app_end ] --START--
INFO: Run Behavior\ShowPageTraceBehavior [ RunTime:0.001000s ]
INFO: [ app_end ] --END-- [ RunTime:0.003000s ]

[ 2017-02-09T15:19:49+08:00 ] 127.0.0.1 /rank/
INFO: [ app_init ] --START--
INFO: Run Behavior\BuildLiteBehavior [ RunTime:0.000000s ]
INFO: [ app_init ] --END-- [ RunTime:0.002000s ]
NOTIC: [8] Use of undefined constant FLASE - assumed 'FLASE' D:\WWW\rank\Application\Home\Conf\config.php 第 13 行.
INFO: [ app_begin ] --START--
INFO: Run Behavior\ReadHtmlCacheBehavior [ RunTime:0.001000s ]
INFO: [ app_begin ] --END-- [ RunTime:0.003000s ]
SQL: SHOW COLUMNS FROM `rank_project` [ RunTime:0.0060s ]
SQL: SHOW COLUMNS FROM `rank_user_project` [ RunTime:0.0070s ]
SQL: SHOW COLUMNS FROM `rank_project` [ RunTime:0.0080s ]
SQL: SELECT * FROM `rank_user_project` WHERE `u_id` = 3  [ RunTime:0.0010s ]
SQL: SELECT * FROM `rank_project` WHERE `p_id` = 1 LIMIT 1   [ RunTime:0.0010s ]
INFO: [ view_parse ] --START--
INFO: [ template_filter ] --START--
INFO: Run Behavior\ContentReplaceBehavior [ RunTime:0.000000s ]
INFO: [ template_filter ] --END-- [ RunTime:0.002000s ]
NOTIC: [8] Undefined index: user_name D:\WWW\rank\Application\Runtime\Cache\Home\7015f0c287b292dea529a5339f9a55b9.php 第 131 行.
NOTIC: [8] Undefined index: user_name D:\WWW\rank\Application\Runtime\Cache\Home\7015f0c287b292dea529a5339f9a55b9.php 第 169 行.
INFO: Run Behavior\ParseTemplateBehavior [ RunTime:0.070004s ]
INFO: [ view_parse ] --END-- [ RunTime:0.073004s ]
INFO: [ view_filter ] --START--
INFO: Run Behavior\WriteHtmlCacheBehavior [ RunTime:0.002000s ]
INFO: [ view_filter ] --END-- [ RunTime:0.002000s ]
INFO: [ view_parse ] --START--
INFO: [ template_filter ] --START--
INFO: Run Behavior\ContentReplaceBehavior [ RunTime:0.001000s ]
INFO: [ template_filter ] --END-- [ RunTime:-0.057003s ]
NOTIC: [8] Undefined index: user_name D:\WWW\rank\Application\Runtime\Cache\Home\2a94b8bda04ff446dcedd42276fc99ee.php 第 131 行.
INFO: Run Behavior\ParseTemplateBehavior [ RunTime:0.044002s ]
INFO: [ view_parse ] --END-- [ RunTime:-0.007001s ]
INFO: [ view_filter ] --START--
INFO: Run Behavior\WriteHtmlCacheBehavior [ RunTime:0.001000s ]
INFO: [ view_filter ] --END-- [ RunTime:-0.051003s ]
NOTIC: [2] Cannot modify header information - headers already sent by (output started at D:\WWW\rank\ThinkPHP\Library\Think\View.class.php:95) D:\WWW\rank\ThinkPHP\Library\Think\View.class.php 第 91 行.
NOTIC: [2] Cannot modify header information - headers already sent by (output started at D:\WWW\rank\ThinkPHP\Library\Think\View.class.php:95) D:\WWW\rank\ThinkPHP\Library\Think\View.class.php 第 92 行.
NOTIC: [2] Cannot modify header information - headers already sent by (output started at D:\WWW\rank\ThinkPHP\Library\Think\View.class.php:95) D:\WWW\rank\ThinkPHP\Library\Think\View.class.php 第 93 行.
INFO: [ app_end ] --START--
INFO: Run Behavior\ShowPageTraceBehavior [ RunTime:0.001000s ]
INFO: [ app_end ] --END-- [ RunTime:0.003000s ]

[ 2017-02-09T15:19:59+08:00 ] 127.0.0.1 /rank/
INFO: [ app_init ] --START--
INFO: Run Behavior\BuildLiteBehavior [ RunTime:0.000000s ]
INFO: [ app_init ] --END-- [ RunTime:0.002000s ]
NOTIC: [8] Use of undefined constant FLASE - assumed 'FLASE' D:\WWW\rank\Application\Home\Conf\config.php 第 13 行.
INFO: [ app_begin ] --START--
INFO: Run Behavior\ReadHtmlCacheBehavior [ RunTime:0.002000s ]
INFO: [ app_begin ] --END-- [ RunTime:0.002000s ]
SQL: SHOW COLUMNS FROM `rank_project` [ RunTime:0.0060s ]
SQL: SHOW COLUMNS FROM `rank_user_project` [ RunTime:0.0070s ]
SQL: SHOW COLUMNS FROM `rank_project` [ RunTime:0.0050s ]
SQL: SELECT * FROM `rank_user_project` WHERE `u_id` = 3  [ RunTime:0.0010s ]
SQL: SELECT * FROM `rank_project` WHERE `p_id` = 1 LIMIT 1   [ RunTime:0.0020s ]
INFO: [ view_parse ] --START--
INFO: [ template_filter ] --START--
INFO: Run Behavior\ContentReplaceBehavior [ RunTime:0.000000s ]
INFO: [ template_filter ] --END-- [ RunTime:0.003000s ]
NOTIC: [8] Undefined index: user_name D:\WWW\rank\Application\Runtime\Cache\Home\7015f0c287b292dea529a5339f9a55b9.php 第 131 行.
NOTIC: [8] Undefined variable: project D:\WWW\rank\Application\Runtime\Cache\Home\7015f0c287b292dea529a5339f9a55b9.php 第 148 行.
NOTIC: [8] Undefined index: user_name D:\WWW\rank\Application\Runtime\Cache\Home\7015f0c287b292dea529a5339f9a55b9.php 第 169 行.
NOTIC: [8] Undefined variable: project D:\WWW\rank\Application\Runtime\Cache\Home\7015f0c287b292dea529a5339f9a55b9.php 第 186 行.
INFO: Run Behavior\ParseTemplateBehavior [ RunTime:0.081004s ]
INFO: [ view_parse ] --END-- [ RunTime:0.083004s ]
INFO: [ view_filter ] --START--
INFO: Run Behavior\WriteHtmlCacheBehavior [ RunTime:0.001001s ]
INFO: [ view_filter ] --END-- [ RunTime:0.003001s ]
INFO: [ view_parse ] --START--
INFO: [ template_filter ] --START--
INFO: Run Behavior\ContentReplaceBehavior [ RunTime:0.001000s ]
INFO: [ template_filter ] --END-- [ RunTime:-0.062004s ]
NOTIC: [8] Undefined index: user_name D:\WWW\rank\Application\Runtime\Cache\Home\2a94b8bda04ff446dcedd42276fc99ee.php 第 131 行.
NOTIC: [8] Undefined variable: project D:\WWW\rank\Application\Runtime\Cache\Home\2a94b8bda04ff446dcedd42276fc99ee.php 第 148 行.
INFO: Run Behavior\ParseTemplateBehavior [ RunTime:0.047003s ]
INFO: [ view_parse ] --END-- [ RunTime:-0.008001s ]
INFO: [ view_filter ] --START--
INFO: Run Behavior\WriteHtmlCacheBehavior [ RunTime:0.001000s ]
INFO: [ view_filter ] --END-- [ RunTime:-0.053003s ]
NOTIC: [2] Cannot modify header information - headers already sent by (output started at D:\WWW\rank\ThinkPHP\Library\Think\View.class.php:95) D:\WWW\rank\ThinkPHP\Library\Think\View.class.php 第 91 行.
NOTIC: [2] Cannot modify header information - headers already sent by (output started at D:\WWW\rank\ThinkPHP\Library\Think\View.class.php:95) D:\WWW\rank\ThinkPHP\Library\Think\View.class.php 第 92 行.
NOTIC: [2] Cannot modify header information - headers already sent by (output started at D:\WWW\rank\ThinkPHP\Library\Think\View.class.php:95) D:\WWW\rank\ThinkPHP\Library\Think\View.class.php 第 93 行.
INFO: [ app_end ] --START--
INFO: Run Behavior\ShowPageTraceBehavior [ RunTime:0.002000s ]
INFO: [ app_end ] --END-- [ RunTime:0.003000s ]

[ 2017-02-09T15:20:22+08:00 ] 127.0.0.1 /rank/
INFO: [ app_init ] --START--
INFO: Run Behavior\BuildLiteBehavior [ RunTime:0.001000s ]
INFO: [ app_init ] --END-- [ RunTime:0.002000s ]
NOTIC: [8] Use of undefined constant FLASE - assumed 'FLASE' D:\WWW\rank\Application\Home\Conf\config.php 第 13 行.
INFO: [ app_begin ] --START--
INFO: Run Behavior\ReadHtmlCacheBehavior [ RunTime:0.001000s ]
INFO: [ app_begin ] --END-- [ RunTime:0.003000s ]
SQL: SHOW COLUMNS FROM `rank_project` [ RunTime:0.0050s ]
SQL: SHOW COLUMNS FROM `rank_user_project` [ RunTime:0.0060s ]
SQL: SHOW COLUMNS FROM `rank_project` [ RunTime:0.0060s ]
SQL: SELECT * FROM `rank_user_project` WHERE `u_id` = 3  [ RunTime:0.0010s ]
SQL: SELECT * FROM `rank_project` WHERE `p_id` = 1 LIMIT 1   [ RunTime:0.0020s ]
INFO: [ view_parse ] --START--
INFO: [ template_filter ] --START--
INFO: Run Behavior\ContentReplaceBehavior [ RunTime:0.001000s ]
INFO: [ template_filter ] --END-- [ RunTime:0.002000s ]
NOTIC: [8] Undefined index: user_name D:\WWW\rank\Application\Runtime\Cache\Home\2a94b8bda04ff446dcedd42276fc99ee.php 第 131 行.
NOTIC: [8] Undefined variable: project D:\WWW\rank\Application\Runtime\Cache\Home\2a94b8bda04ff446dcedd42276fc99ee.php 第 148 行.
INFO: Run Behavior\ParseTemplateBehavior [ RunTime:0.055004s ]
INFO: [ view_parse ] --END-- [ RunTime:0.056004s ]
INFO: [ view_filter ] --START--
INFO: Run Behavior\WriteHtmlCacheBehavior [ RunTime:0.001000s ]
INFO: [ view_filter ] --END-- [ RunTime:0.003000s ]
INFO: [ app_end ] --START--
INFO: Run Behavior\ShowPageTraceBehavior [ RunTime:0.001000s ]
INFO: [ app_end ] --END-- [ RunTime:0.002000s ]

[ 2017-02-09T15:20:45+08:00 ] 127.0.0.1 /rank/
INFO: [ app_init ] --START--
INFO: Run Behavior\BuildLiteBehavior [ RunTime:0.001000s ]
INFO: [ app_init ] --END-- [ RunTime:0.002000s ]
NOTIC: [8] Use of undefined constant FLASE - assumed 'FLASE' D:\WWW\rank\Application\Home\Conf\config.php 第 13 行.
INFO: [ app_begin ] --START--
INFO: Run Behavior\ReadHtmlCacheBehavior [ RunTime:0.001000s ]
INFO: [ app_begin ] --END-- [ RunTime:0.003000s ]
SQL: SHOW COLUMNS FROM `rank_project` [ RunTime:0.0060s ]
SQL: SHOW COLUMNS FROM `rank_user_project` [ RunTime:0.0060s ]
SQL: SHOW COLUMNS FROM `rank_project` [ RunTime:0.0060s ]
SQL: SELECT * FROM `rank_user_project` WHERE `u_id` = 3  [ RunTime:0.0010s ]
SQL: SELECT * FROM `rank_project` WHERE `p_id` = 1 LIMIT 1   [ RunTime:0.0070s ]
INFO: [ view_parse ] --START--
INFO: [ template_filter ] --START--
INFO: Run Behavior\ContentReplaceBehavior [ RunTime:0.000000s ]
INFO: [ template_filter ] --END-- [ RunTime:0.002000s ]
NOTIC: [8] Undefined index: user_name D:\WWW\rank\Application\Runtime\Cache\Home\2a94b8bda04ff446dcedd42276fc99ee.php 第 131 行.
INFO: Run Behavior\ParseTemplateBehavior [ RunTime:0.058004s ]
INFO: [ view_parse ] --END-- [ RunTime:0.060004s ]
INFO: [ view_filter ] --START--
INFO: Run Behavior\WriteHtmlCacheBehavior [ RunTime:0.001000s ]
INFO: [ view_filter ] --END-- [ RunTime:0.003000s ]
INFO: [ app_end ] --START--
INFO: Run Behavior\ShowPageTraceBehavior [ RunTime:0.002000s ]
INFO: [ app_end ] --END-- [ RunTime:0.002000s ]

[ 2017-02-09T15:26:44+08:00 ] 127.0.0.1 /rank/
INFO: [ app_init ] --START--
INFO: Run Behavior\BuildLiteBehavior [ RunTime:0.000000s ]
INFO: [ app_init ] --END-- [ RunTime:0.003000s ]
NOTIC: [8] Use of undefined constant FLASE - assumed 'FLASE' D:\WWW\rank\Application\Home\Conf\config.php 第 13 行.
INFO: [ app_begin ] --START--
INFO: Run Behavior\ReadHtmlCacheBehavior [ RunTime:0.006001s ]
INFO: [ app_begin ] --END-- [ RunTime:0.008001s ]
SQL: SHOW COLUMNS FROM `rank_role` [ RunTime:0.0130s ]
NOTIC: [8] Use of undefined constant r_name - assumed 'r_name' D:\WWW\rank\Application\Home\Controller\CommonController.class.php 第 79 行.
SQL: SELECT `r_name` FROM `rank_role` WHERE ( r_id=3 ) LIMIT 1   [ RunTime:0.0010s ]
SQL: SHOW COLUMNS FROM `rank_project` [ RunTime:0.0060s ]
SQL: SHOW COLUMNS FROM `rank_user_project` [ RunTime:0.0060s ]
SQL: SHOW COLUMNS FROM `rank_project` [ RunTime:0.0050s ]
SQL: SELECT * FROM `rank_user_project` WHERE `u_id` = 3  [ RunTime:0.0010s ]
SQL: SELECT * FROM `rank_project` WHERE `p_id` = 1 LIMIT 1   [ RunTime:0.0010s ]
INFO: [ view_parse ] --START--
INFO: [ template_filter ] --START--
INFO: Run Behavior\ContentReplaceBehavior [ RunTime:0.001000s ]
INFO: [ template_filter ] --END-- [ RunTime:0.002000s ]
NOTIC: [8] Undefined variable: r_name D:\WWW\rank\Application\Runtime\Cache\Home\2a94b8bda04ff446dcedd42276fc99ee.php 第 133 行.
INFO: Run Behavior\ParseTemplateBehavior [ RunTime:0.074004s ]
INFO: [ view_parse ] --END-- [ RunTime:0.075004s ]
INFO: [ view_filter ] --START--
INFO: Run Behavior\WriteHtmlCacheBehavior [ RunTime:0.001000s ]
INFO: [ view_filter ] --END-- [ RunTime:0.003000s ]
INFO: [ app_end ] --START--
INFO: Run Behavior\ShowPageTraceBehavior [ RunTime:0.001000s ]
INFO: [ app_end ] --END-- [ RunTime:0.004001s ]

[ 2017-02-09T15:26:47+08:00 ] 127.0.0.1 /rank/
INFO: [ app_init ] --START--
INFO: Run Behavior\BuildLiteBehavior [ RunTime:0.000000s ]
INFO: [ app_init ] --END-- [ RunTime:0.002001s ]
NOTIC: [8] Use of undefined constant FLASE - assumed 'FLASE' D:\WWW\rank\Application\Home\Conf\config.php 第 13 行.
INFO: [ app_begin ] --START--
INFO: Run Behavior\ReadHtmlCacheBehavior [ RunTime:0.001000s ]
INFO: [ app_begin ] --END-- [ RunTime:0.003000s ]
SQL: SHOW COLUMNS FROM `rank_role` [ RunTime:0.0050s ]
NOTIC: [8] Use of undefined constant r_name - assumed 'r_name' D:\WWW\rank\Application\Home\Controller\CommonController.class.php 第 79 行.
SQL: SELECT `r_name` FROM `rank_role` WHERE ( r_id=3 ) LIMIT 1   [ RunTime:0.0010s ]
SQL: SHOW COLUMNS FROM `rank_project` [ RunTime:0.0050s ]
SQL: SHOW COLUMNS FROM `rank_user_project` [ RunTime:0.0040s ]
SQL: SHOW COLUMNS FROM `rank_project` [ RunTime:0.0040s ]
SQL: SELECT * FROM `rank_user_project` WHERE `u_id` = 3  [ RunTime:0.0010s ]
SQL: SELECT * FROM `rank_project` WHERE `p_id` = 1 LIMIT 1   [ RunTime:0.0010s ]
INFO: [ view_parse ] --START--
INFO: [ template_filter ] --START--
INFO: Run Behavior\ContentReplaceBehavior [ RunTime:0.001000s ]
INFO: [ template_filter ] --END-- [ RunTime:0.002000s ]
NOTIC: [8] Undefined variable: r_name D:\WWW\rank\Application\Runtime\Cache\Home\2a94b8bda04ff446dcedd42276fc99ee.php 第 133 行.
INFO: Run Behavior\ParseTemplateBehavior [ RunTime:0.065004s ]
INFO: [ view_parse ] --END-- [ RunTime:0.066004s ]
INFO: [ view_filter ] --START--
INFO: Run Behavior\WriteHtmlCacheBehavior [ RunTime:0.001000s ]
INFO: [ view_filter ] --END-- [ RunTime:0.003000s ]
INFO: [ app_end ] --START--
INFO: Run Behavior\ShowPageTraceBehavior [ RunTime:0.002000s ]
INFO: [ app_end ] --END-- [ RunTime:0.002000s ]

[ 2017-02-09T15:27:15+08:00 ] 127.0.0.1 /rank/
INFO: [ app_init ] --START--
INFO: Run Behavior\BuildLiteBehavior [ RunTime:0.000000s ]
INFO: [ app_init ] --END-- [ RunTime:0.003000s ]
NOTIC: [8] Use of undefined constant FLASE - assumed 'FLASE' D:\WWW\rank\Application\Home\Conf\config.php 第 13 行.
INFO: [ app_begin ] --START--
INFO: Run Behavior\ReadHtmlCacheBehavior [ RunTime:0.001000s ]
INFO: [ app_begin ] --END-- [ RunTime:0.003000s ]
SQL: SHOW COLUMNS FROM `rank_role` [ RunTime:0.0060s ]
NOTIC: [8] Use of undefined constant r_name - assumed 'r_name' D:\WWW\rank\Application\Home\Controller\CommonController.class.php 第 79 行.
SQL: SELECT `r_name` FROM `rank_role` WHERE ( r_id=3 ) LIMIT 1   [ RunTime:0.0010s ]
SQL: SHOW COLUMNS FROM `rank_project` [ RunTime:0.0070s ]
SQL: SHOW COLUMNS FROM `rank_user_project` [ RunTime:0.0130s ]
SQL: SHOW COLUMNS FROM `rank_project` [ RunTime:0.0050s ]
SQL: SELECT * FROM `rank_user_project` WHERE `u_id` = 3  [ RunTime:0.0000s ]
SQL: SELECT * FROM `rank_project` WHERE `p_id` = 1 LIMIT 1   [ RunTime:0.0000s ]
INFO: [ view_parse ] --START--
INFO: [ template_filter ] --START--
INFO: Run Behavior\ContentReplaceBehavior [ RunTime:0.001000s ]
INFO: [ template_filter ] --END-- [ RunTime:0.001000s ]
INFO: Run Behavior\ParseTemplateBehavior [ RunTime:0.045003s ]
INFO: [ view_parse ] --END-- [ RunTime:0.046003s ]
INFO: [ view_filter ] --START--
INFO: Run Behavior\WriteHtmlCacheBehavior [ RunTime:0.002000s ]
INFO: [ view_filter ] --END-- [ RunTime:0.002000s ]
INFO: [ app_end ] --START--
INFO: Run Behavior\ShowPageTraceBehavior [ RunTime:0.001000s ]
INFO: [ app_end ] --END-- [ RunTime:0.002000s ]

[ 2017-02-09T15:27:49+08:00 ] 127.0.0.1 /rank/
INFO: [ app_init ] --START--
INFO: Run Behavior\BuildLiteBehavior [ RunTime:0.000000s ]
INFO: [ app_init ] --END-- [ RunTime:0.002000s ]
NOTIC: [8] Use of undefined constant FLASE - assumed 'FLASE' D:\WWW\rank\Application\Home\Conf\config.php 第 13 行.
INFO: [ app_begin ] --START--
INFO: Run Behavior\ReadHtmlCacheBehavior [ RunTime:0.002000s ]
INFO: [ app_begin ] --END-- [ RunTime:0.004000s ]
SQL: SHOW COLUMNS FROM `rank_role` [ RunTime:0.0050s ]
NOTIC: [8] Use of undefined constant r_name - assumed 'r_name' D:\WWW\rank\Application\Home\Controller\CommonController.class.php 第 79 行.
SQL: SELECT `r_name` FROM `rank_role` WHERE ( r_id=3 ) LIMIT 1   [ RunTime:0.0000s ]
SQL: SHOW COLUMNS FROM `rank_project` [ RunTime:0.0070s ]
SQL: SHOW COLUMNS FROM `rank_user_project` [ RunTime:0.0060s ]
SQL: SHOW COLUMNS FROM `rank_project` [ RunTime:0.0070s ]
SQL: SELECT * FROM `rank_user_project` WHERE `u_id` = 3  [ RunTime:0.0000s ]
SQL: SELECT * FROM `rank_project` WHERE `p_id` = 1 LIMIT 1   [ RunTime:0.0000s ]
INFO: [ view_parse ] --START--
INFO: [ template_filter ] --START--
INFO: Run Behavior\ContentReplaceBehavior [ RunTime:0.001001s ]
INFO: [ template_filter ] --END-- [ RunTime:0.001001s ]
INFO: Run Behavior\ParseTemplateBehavior [ RunTime:0.044002s ]
INFO: [ view_parse ] --END-- [ RunTime:0.046002s ]
INFO: [ view_filter ] --START--
INFO: Run Behavior\WriteHtmlCacheBehavior [ RunTime:0.000000s ]
INFO: [ view_filter ] --END-- [ RunTime:0.002000s ]
INFO: [ app_end ] --START--
INFO: Run Behavior\ShowPageTraceBehavior [ RunTime:0.001001s ]
INFO: [ app_end ] --END-- [ RunTime:0.003001s ]

[ 2017-02-09T15:28:31+08:00 ] 127.0.0.1 /rank/
INFO: [ app_init ] --START--
INFO: Run Behavior\BuildLiteBehavior [ RunTime:0.000000s ]
INFO: [ app_init ] --END-- [ RunTime:0.003000s ]
NOTIC: [8] Use of undefined constant FLASE - assumed 'FLASE' D:\WWW\rank\Application\Home\Conf\config.php 第 13 行.
INFO: [ app_begin ] --START--
INFO: Run Behavior\ReadHtmlCacheBehavior [ RunTime:0.001000s ]
INFO: [ app_begin ] --END-- [ RunTime:0.002000s ]
SQL: SHOW COLUMNS FROM `rank_role` [ RunTime:0.0050s ]
NOTIC: [8] Use of undefined constant r_name - assumed 'r_name' D:\WWW\rank\Application\Home\Controller\CommonController.class.php 第 79 行.
SQL: SELECT `r_name` FROM `rank_role` WHERE ( r_id=3 ) LIMIT 1   [ RunTime:0.0010s ]
SQL: SHOW COLUMNS FROM `rank_project` [ RunTime:0.0080s ]
SQL: SHOW COLUMNS FROM `rank_user_project` [ RunTime:0.0050s ]
SQL: SHOW COLUMNS FROM `rank_project` [ RunTime:0.0070s ]
SQL: SELECT * FROM `rank_user_project` WHERE `u_id` = 3  [ RunTime:0.0010s ]
SQL: SELECT * FROM `rank_project` WHERE `p_id` = 1 LIMIT 1   [ RunTime:0.0010s ]
INFO: [ view_parse ] --START--
INFO: [ template_filter ] --START--
INFO: Run Behavior\ContentReplaceBehavior [ RunTime:0.000000s ]
INFO: [ template_filter ] --END-- [ RunTime:0.002000s ]
INFO: Run Behavior\ParseTemplateBehavior [ RunTime:0.043002s ]
INFO: [ view_parse ] --END-- [ RunTime:0.045002s ]
INFO: [ view_filter ] --START--
INFO: Run Behavior\WriteHtmlCacheBehavior [ RunTime:0.001000s ]
INFO: [ view_filter ] --END-- [ RunTime:0.001000s ]
INFO: [ app_end ] --START--
INFO: Run Behavior\ShowPageTraceBehavior [ RunTime:0.001000s ]
INFO: [ app_end ] --END-- [ RunTime:0.002000s ]

[ 2017-02-09T15:28:44+08:00 ] 127.0.0.1 /rank/
INFO: [ app_init ] --START--
INFO: Run Behavior\BuildLiteBehavior [ RunTime:0.001000s ]
INFO: [ app_init ] --END-- [ RunTime:0.003000s ]
NOTIC: [8] Use of undefined constant FLASE - assumed 'FLASE' D:\WWW\rank\Application\Home\Conf\config.php 第 13 行.
INFO: [ app_begin ] --START--
INFO: Run Behavior\ReadHtmlCacheBehavior [ RunTime:0.001000s ]
INFO: [ app_begin ] --END-- [ RunTime:0.003000s ]
SQL: SHOW COLUMNS FROM `rank_role` [ RunTime:0.0060s ]
NOTIC: [8] Use of undefined constant r_name - assumed 'r_name' D:\WWW\rank\Application\Home\Controller\CommonController.class.php 第 79 行.
SQL: SELECT `r_name` FROM `rank_role` WHERE ( r_id=3 ) LIMIT 1   [ RunTime:0.0000s ]
SQL: SHOW COLUMNS FROM `rank_project` [ RunTime:0.0050s ]
SQL: SHOW COLUMNS FROM `rank_user_project` [ RunTime:0.0070s ]
SQL: SHOW COLUMNS FROM `rank_project` [ RunTime:0.0050s ]
SQL: SELECT * FROM `rank_user_project` WHERE `u_id` = 3  [ RunTime:0.0010s ]
SQL: SELECT * FROM `rank_project` WHERE `p_id` = 1 LIMIT 1   [ RunTime:0.0000s ]
INFO: [ view_parse ] --START--
INFO: [ template_filter ] --START--
INFO: Run Behavior\ContentReplaceBehavior [ RunTime:0.000000s ]
INFO: [ template_filter ] --END-- [ RunTime:0.003000s ]
INFO: Run Behavior\ParseTemplateBehavior [ RunTime:0.043002s ]
INFO: [ view_parse ] --END-- [ RunTime:0.045002s ]
INFO: [ view_filter ] --START--
INFO: Run Behavior\WriteHtmlCacheBehavior [ RunTime:0.001000s ]
INFO: [ view_filter ] --END-- [ RunTime:0.002000s ]
INFO: [ app_end ] --START--
INFO: Run Behavior\ShowPageTraceBehavior [ RunTime:0.001000s ]
INFO: [ app_end ] --END-- [ RunTime:0.002000s ]

[ 2017-02-09T15:29:03+08:00 ] 127.0.0.1 /rank/
INFO: [ app_init ] --START--
INFO: Run Behavior\BuildLiteBehavior [ RunTime:0.000000s ]
INFO: [ app_init ] --END-- [ RunTime:0.003000s ]
NOTIC: [8] Use of undefined constant FLASE - assumed 'FLASE' D:\WWW\rank\Application\Home\Conf\config.php 第 13 行.
INFO: [ app_begin ] --START--
INFO: Run Behavior\ReadHtmlCacheBehavior [ RunTime:0.001000s ]
INFO: [ app_begin ] --END-- [ RunTime:0.003000s ]
SQL: SHOW COLUMNS FROM `rank_role` [ RunTime:0.0040s ]
NOTIC: [8] Use of undefined constant r_name - assumed 'r_name' D:\WWW\rank\Application\Home\Controller\CommonController.class.php 第 79 行.
SQL: SELECT `r_name` FROM `rank_role` WHERE ( r_id=3 ) LIMIT 1   [ RunTime:0.0010s ]
SQL: SHOW COLUMNS FROM `rank_project` [ RunTime:0.0050s ]
SQL: SHOW COLUMNS FROM `rank_user_project` [ RunTime:0.0050s ]
SQL: SHOW COLUMNS FROM `rank_project` [ RunTime:0.0040s ]
SQL: SELECT * FROM `rank_user_project` WHERE `u_id` = 3  [ RunTime:0.0010s ]
SQL: SELECT * FROM `rank_project` WHERE `p_id` = 1 LIMIT 1   [ RunTime:0.0010s ]
INFO: [ view_parse ] --START--
INFO: [ template_filter ] --START--
INFO: Run Behavior\ContentReplaceBehavior [ RunTime:0.001000s ]
INFO: [ template_filter ] --END-- [ RunTime:0.002000s ]
INFO: Run Behavior\ParseTemplateBehavior [ RunTime:0.045003s ]
INFO: [ view_parse ] --END-- [ RunTime:0.045003s ]
INFO: [ view_filter ] --START--
INFO: Run Behavior\WriteHtmlCacheBehavior [ RunTime:0.001000s ]
INFO: [ view_filter ] --END-- [ RunTime:0.003000s ]
INFO: [ app_end ] --START--
INFO: Run Behavior\ShowPageTraceBehavior [ RunTime:0.002000s ]
INFO: [ app_end ] --END-- [ RunTime:0.004000s ]

[ 2017-02-09T15:47:11+08:00 ] 127.0.0.1 /rank/
INFO: [ app_init ] --START--
INFO: Run Behavior\BuildLiteBehavior [ RunTime:0.001000s ]
INFO: [ app_init ] --END-- [ RunTime:0.004000s ]
NOTIC: [8] Use of undefined constant FLASE - assumed 'FLASE' D:\WWW\rank\Application\Home\Conf\config.php 第 13 行.
INFO: [ app_begin ] --START--
INFO: Run Behavior\ReadHtmlCacheBehavior [ RunTime:0.001000s ]
INFO: [ app_begin ] --END-- [ RunTime:0.003000s ]
SQL: SHOW COLUMNS FROM `rank_role` [ RunTime:0.0050s ]
NOTIC: [8] Use of undefined constant r_name - assumed 'r_name' D:\WWW\rank\Application\Home\Controller\CommonController.class.php 第 79 行.
SQL: SELECT `r_name` FROM `rank_role` WHERE ( r_id=3 ) LIMIT 1   [ RunTime:0.0000s ]
SQL: SHOW COLUMNS FROM `rank_project` [ RunTime:0.0060s ]
SQL: SHOW COLUMNS FROM `rank_user_project` [ RunTime:0.0060s ]
SQL: SHOW COLUMNS FROM `rank_project` [ RunTime:0.0040s ]
SQL: SELECT * FROM `rank_user_project` WHERE `u_id` = 3  [ RunTime:0.0000s ]
SQL: SELECT * FROM `rank_project` WHERE `p_id` = 1 LIMIT 1   [ RunTime:0.0010s ]
INFO: [ view_parse ] --START--
INFO: [ template_filter ] --START--
INFO: Run Behavior\ContentReplaceBehavior [ RunTime:0.000000s ]
INFO: [ template_filter ] --END-- [ RunTime:0.002000s ]
INFO: Run Behavior\ParseTemplateBehavior [ RunTime:0.058003s ]
INFO: [ view_parse ] --END-- [ RunTime:0.059003s ]
INFO: [ view_filter ] --START--
INFO: Run Behavior\WriteHtmlCacheBehavior [ RunTime:0.001000s ]
INFO: [ view_filter ] --END-- [ RunTime:0.002000s ]
INFO: [ app_end ] --START--
INFO: Run Behavior\ShowPageTraceBehavior [ RunTime:0.002001s ]
INFO: [ app_end ] --END-- [ RunTime:0.002001s ]

[ 2017-02-09T16:40:56+08:00 ] 127.0.0.1 /rank/index.php/Home/Index/index.html
INFO: [ app_init ] --START--
INFO: Run Behavior\BuildLiteBehavior [ RunTime:0.001000s ]
INFO: [ app_init ] --END-- [ RunTime:0.002000s ]
NOTIC: [8] Use of undefined constant FLASE - assumed 'FLASE' D:\WWW\rank\Application\Home\Conf\config.php 第 13 行.
INFO: [ app_begin ] --START--
INFO: Run Behavior\ReadHtmlCacheBehavior [ RunTime:0.002000s ]
INFO: [ app_begin ] --END-- [ RunTime:0.002000s ]
SQL: SHOW COLUMNS FROM `rank_role` [ RunTime:0.0060s ]
NOTIC: [8] Use of undefined constant r_name - assumed 'r_name' D:\WWW\rank\Application\Home\Controller\CommonController.class.php 第 79 行.
SQL: SELECT `r_name` FROM `rank_role` WHERE ( r_id=3 ) LIMIT 1   [ RunTime:0.0010s ]
SQL: SHOW COLUMNS FROM `rank_project` [ RunTime:0.0060s ]
SQL: SHOW COLUMNS FROM `rank_user_project` [ RunTime:0.0060s ]
SQL: SHOW COLUMNS FROM `rank_project` [ RunTime:0.0050s ]
SQL: SELECT * FROM `rank_user_project` WHERE `u_id` = 3  [ RunTime:0.0010s ]
SQL: SELECT * FROM `rank_project` WHERE `p_id` = 1 LIMIT 1   [ RunTime:0.0010s ]
INFO: [ view_parse ] --START--
INFO: [ template_filter ] --START--
INFO: Run Behavior\ContentReplaceBehavior [ RunTime:0.000000s ]
INFO: [ template_filter ] --END-- [ RunTime:0.002000s ]
INFO: Run Behavior\ParseTemplateBehavior [ RunTime:0.057003s ]
INFO: [ view_parse ] --END-- [ RunTime:0.059003s ]
INFO: [ view_filter ] --START--
INFO: Run Behavior\WriteHtmlCacheBehavior [ RunTime:0.001000s ]
INFO: [ view_filter ] --END-- [ RunTime:0.003000s ]
INFO: [ app_end ] --START--
INFO: Run Behavior\ShowPageTraceBehavior [ RunTime:0.001000s ]
INFO: [ app_end ] --END-- [ RunTime:0.003000s ]

[ 2017-02-09T16:58:32+08:00 ] 127.0.0.1 /rank/index.php/Home/Index/index.html
INFO: [ app_init ] --START--
INFO: Run Behavior\BuildLiteBehavior [ RunTime:0.001000s ]
INFO: [ app_init ] --END-- [ RunTime:0.002000s ]
NOTIC: [8] Use of undefined constant FLASE - assumed 'FLASE' D:\WWW\rank\Application\Home\Conf\config.php 第 13 行.
INFO: [ app_begin ] --START--
INFO: Run Behavior\ReadHtmlCacheBehavior [ RunTime:0.001000s ]
INFO: [ app_begin ] --END-- [ RunTime:0.002001s ]
SQL: SHOW COLUMNS FROM `rank_role` [ RunTime:0.0060s ]
NOTIC: [8] Use of undefined constant r_name - assumed 'r_name' D:\WWW\rank\Application\Home\Controller\CommonController.class.php 第 79 行.
SQL: SELECT `r_name` FROM `rank_role` WHERE ( r_id=3 ) LIMIT 1   [ RunTime:0.0000s ]
SQL: SHOW COLUMNS FROM `rank_project` [ RunTime:0.0060s ]
SQL: SHOW COLUMNS FROM `rank_user_project` [ RunTime:0.0050s ]
SQL: SHOW COLUMNS FROM `rank_project` [ RunTime:0.0060s ]
SQL: SELECT * FROM `rank_user_project` WHERE `u_id` = 3  [ RunTime:0.0010s ]
SQL: SELECT * FROM `rank_project` WHERE `p_id` = 1 LIMIT 1   [ RunTime:0.0000s ]
INFO: [ view_parse ] --START--
INFO: [ template_filter ] --START--
INFO: Run Behavior\ContentReplaceBehavior [ RunTime:0.000000s ]
INFO: [ template_filter ] --END-- [ RunTime:0.002001s ]
INFO: Run Behavior\ParseTemplateBehavior [ RunTime:0.060003s ]
INFO: [ view_parse ] --END-- [ RunTime:0.062003s ]
INFO: [ view_filter ] --START--
INFO: Run Behavior\WriteHtmlCacheBehavior [ RunTime:0.001000s ]
INFO: [ view_filter ] --END-- [ RunTime:0.002001s ]
INFO: [ app_end ] --START--
INFO: Run Behavior\ShowPageTraceBehavior [ RunTime:0.001000s ]
INFO: [ app_end ] --END-- [ RunTime:0.002000s ]

